<?xml version="1.0" encoding="UTF-8"?>
<!-- Generated by org.testng.reporters.JUnitReportReporter -->
<testsuite skipped="0" hostname="BSC-PF10PQNE" name="seleniumStandalone.startDocker" tests="1" failures="0" timestamp="14 Jun 2020 11:03:14 GMT" time="17.597" errors="0">
  <testcase name="start" time="17.597" classname="seleniumStandalone.startDocker"/>
</testsuite> <!-- seleniumStandalone.startDocker -->
