<?xml version="1.0" encoding="UTF-8"?>
<!-- Generated by org.testng.reporters.JUnitReportReporter -->
<testsuite skipped="0" hostname="BSC-PF10PQNE" name="seleniumStandalone.parallelExectuionOnGrid" tests="2" failures="0" timestamp="13 Jun 2020 13:04:27 GMT" time="11.382" errors="0">
  <testcase name="chrome" time="3.708" classname="seleniumStandalone.parallelExectuionOnGrid"/>
  <testcase name="fireFox" time="7.674" classname="seleniumStandalone.parallelExectuionOnGrid"/>
</testsuite> <!-- seleniumStandalone.parallelExectuionOnGrid -->
