<?xml version="1.0" encoding="UTF-8"?>
<!-- Generated by org.testng.reporters.JUnitReportReporter -->
<testsuite skipped="0" hostname="BSC-PF10PQNE" name="seleniumStandalone.OpenGoogle" tests="2" failures="0" timestamp="14 Jun 2020 11:30:36 GMT" time="12.889" errors="0">
  <testcase name="openGoogleOnFirefoxChromeInstances" time="8.529" classname="seleniumStandalone.OpenGoogle"/>
  <testcase name="openGoogleOnChromeInstances" time="4.360" classname="seleniumStandalone.OpenGoogle"/>
</testsuite> <!-- seleniumStandalone.OpenGoogle -->
