<?xml version="1.0" encoding="UTF-8"?>
<!-- Generated by org.testng.reporters.JUnitReportReporter -->
<testsuite skipped="0" hostname="BSC-PF10PQNE" name="seleniumStandalone.OpenGoogle" tests="2" failures="0" timestamp="17 Jun 2020 07:17:04 GMT" time="10.678" errors="0">
  <testcase name="openGoogleOnFirefoxChromeInstances" time="7.334" classname="seleniumStandalone.OpenGoogle"/>
  <testcase name="openGoogleOnChromeInstances" time="3.344" classname="seleniumStandalone.OpenGoogle"/>
</testsuite> <!-- seleniumStandalone.OpenGoogle -->
